<?xml version="1.0" encoding="UTF-8"?>
<!-- Generated by org.testng.reporters.JUnitReportReporter -->
<testsuite hostname="R90RNYTD" failures="0" tests="1" name="testSuit01.Module01" time="0.008" errors="0" timestamp="2022-08-31T17:19:52 CDT" skipped="0">
  <testcase classname="testSuit01.Module01" name="test001" time="0.008"/>
  <system-out/>
</testsuite> <!-- testSuit01.Module01 -->
